2024-05-01T17:46:29+00:00 ERROR Key Id and Key Secret are required.
2024-05-01T17:46:29+00:00 INFO Trying to create one_cc_address_sync_cron
2024-05-01T17:46:29+00:00 INFO Failed to create one_cc_address_sync_cron as invalid one cc merchant
2024-05-01T17:46:29+00:00 INFO Attempting to delete one_cc_address_sync_cron, status: cancelled, message: invalid_1cc_merchant
2024-05-01T17:46:29+00:00 INFO Deleted one_cc_address_sync_cron  if exists
2024-05-01T17:46:29+00:00 INFO updateAddressSyncCronData: status=cancelled, message=invalid_1cc_merchant, cronStatus=deleted
2024-05-01T17:46:29+00:00 INFO updateAddressSyncCronData:530 - Updating option: ONE_CC_ADDRESS_SYNC_CRON_HOOK
2024-05-01T17:46:29+00:00 INFO updateAddressSyncCronData:532 -  Successfully Updated Option: ONE_CC_ADDRESS_SYNC_CRON_HOOK
2024-05-01T17:46:29+00:00 INFO create one_cc_plugin_sync_cron successful
2024-05-01T17:46:29+00:00 ERROR Authentication failed
2024-05-01T17:46:29+00:00 ERROR Authentication failed
2024-05-01T17:46:36+00:00 ERROR Authentication failed
2024-05-01T17:46:39+00:00 ERROR Authentication failed
2024-05-01T17:46:46+00:00 ERROR Authentication failed
2024-05-01T17:46:54+00:00 ERROR Authentication failed
2024-05-01T17:47:03+00:00 ERROR Authentication failed
2024-05-01T17:47:19+00:00 ERROR Authentication failed
2024-05-01T17:47:24+00:00 ERROR Authentication failed
2024-05-01T17:47:55+00:00 ERROR Authentication failed
2024-05-01T17:47:57+00:00 ERROR Authentication failed
2024-05-01T17:47:59+00:00 ERROR Authentication failed
2024-05-01T17:48:04+00:00 ERROR Authentication failed
2024-05-01T17:48:08+00:00 ERROR Authentication failed
2024-05-01T17:48:29+00:00 ERROR Authentication failed
2024-05-01T17:48:31+00:00 ERROR Authentication failed
2024-05-01T17:48:34+00:00 ERROR Authentication failed
2024-05-01T17:48:50+00:00 ERROR Authentication failed
2024-05-01T17:48:53+00:00 ERROR Authentication failed
2024-05-01T17:49:00+00:00 ERROR Authentication failed
2024-05-01T17:49:03+00:00 ERROR Authentication failed
2024-05-01T18:19:16+00:00 ERROR Authentication failed
2024-05-01T18:19:22+00:00 ERROR Authentication failed
2024-05-01T18:19:28+00:00 ERROR Authentication failed
2024-05-01T18:19:43+00:00 ERROR Authentication failed
2024-05-01T18:19:58+00:00 ERROR Authentication failed
2024-05-01T18:20:06+00:00 ERROR Authentication failed
2024-05-01T18:20:06+00:00 ERROR Authentication failed
2024-05-01T18:20:13+00:00 ERROR Authentication failed
2024-05-01T18:20:27+00:00 ERROR Authentication failed
2024-05-01T18:20:31+00:00 ERROR Authentication failed
2024-05-01T18:20:40+00:00 ERROR Authentication failed
2024-05-01T18:20:53+00:00 ERROR Authentication failed
2024-05-01T18:20:56+00:00 ERROR Authentication failed
2024-05-01T18:21:28+00:00 ERROR Authentication failed
